<?xml version="1.0" encoding="UTF-8"?>
<!-- Generated by org.testng.reporters.JUnitReportReporter -->
<testsuite skipped="0" hostname="DESKTOP-5VOUPJ0" name="com.class12.flightSearch" tests="1" failures="0" timestamp="03 Jun 2019 00:33:34 GMT" time="16.019" errors="0">
  <testcase name="searchFlight" time="16.019" classname="com.class12.flightSearch"/>
</testsuite> <!-- com.class12.flightSearch -->
