<?xml version="1.0" encoding="UTF-8"?>
<!-- Generated by org.testng.reporters.JUnitReportReporter -->
<testsuite skipped="0" hostname="DESKTOP-5VOUPJ0" name="com.class12.BrokenLinks" tests="1" failures="0" timestamp="02 Jun 2019 23:58:33 GMT" time="10.860" errors="0">
  <testcase name="brokenLinksVerification" time="10.860" classname="com.class12.BrokenLinks"/>
</testsuite> <!-- com.class12.BrokenLinks -->
