<?xml version="1.0" encoding="UTF-8"?>
<!-- Generated by org.testng.reporters.JUnitReportReporter -->
<testsuite skipped="0" hostname="DESKTOP-5VOUPJ0" name="com.class12.ReadingPropertFile" tests="1" failures="0" timestamp="02 Jun 2019 17:50:06 GMT" time="4.529" errors="0">
  <testcase name="readFile" time="4.529" classname="com.class12.ReadingPropertFile"/>
</testsuite> <!-- com.class12.ReadingPropertFile -->
